This is pdfTeX, Version 3.14159265-2.6-1.40.20 (TeX Live 2019/W32TeX) (preloaded format=pdflatex 2020.3.26)  16 APR 2022 22:22
entering extended mode
 restricted \write18 enabled.
 %&-line parsing enabled.
**1st.tex.tex
(./1st.tex.tex
LaTeX2e <2018-12-01>
(d:/programs/texlive/2019/texmf-dist/tex/latex/base/article.cls
Document Class: article 2018/09/03 v1.4i Standard LaTeX document class
(d:/programs/texlive/2019/texmf-dist/tex/latex/base/size10.clo
File: size10.clo 2018/09/03 v1.4i Standard LaTeX file (size option)
)
\c@part=\count80
\c@section=\count81
\c@subsection=\count82
\c@subsubsection=\count83
\c@paragraph=\count84
\c@subparagraph=\count85
\c@figure=\count86
\c@table=\count87
\abovecaptionskip=\skip41
\belowcaptionskip=\skip42
\bibindent=\dimen102
)

LaTeX Warning: Unused global option(s):
    [15pt].

(./1st.tex.aux)
\openout1 = `1st.tex.aux'.

LaTeX Font Info:    Checking defaults for OML/cmm/m/it on input line 2.
LaTeX Font Info:    ... okay on input line 2.
LaTeX Font Info:    Checking defaults for T1/cmr/m/n on input line 2.
LaTeX Font Info:    ... okay on input line 2.
LaTeX Font Info:    Checking defaults for OT1/cmr/m/n on input line 2.
LaTeX Font Info:    ... okay on input line 2.
LaTeX Font Info:    Checking defaults for OMS/cmsy/m/n on input line 2.
LaTeX Font Info:    ... okay on input line 2.
LaTeX Font Info:    Checking defaults for OMX/cmex/m/n on input line 2.
LaTeX Font Info:    ... okay on input line 2.
LaTeX Font Info:    Checking defaults for U/cmr/m/n on input line 2.
LaTeX Font Info:    ... okay on input line 2.

Underfull \hbox (badness 10000) in paragraph at lines 21--22

 []


! LaTeX Error: Environment equation* undefined.

See the LaTeX manual or LaTeX Companion for explanation.
Type  H <return>  for immediate help.
 ...                                              
                                                  
l.25 			\begin{equation*}
                         
Your command was ignored.
Type  I <command> <return>  to replace it with another command,
or  <return>  to continue without it.

LaTeX Font Info:    External font `cmex10' loaded for size
(Font)              <7> on input line 26.
LaTeX Font Info:    External font `cmex10' loaded for size
(Font)              <5> on input line 26.

! LaTeX Error: \begin{description} on input line 18 ended by \end{equation*}.

See the LaTeX manual or LaTeX Companion for explanation.
Type  H <return>  for immediate help.
 ...                                              
                                                  
l.27 		 \end{equation*}
                       
Your command was ignored.
Type  I <command> <return>  to replace it with another command,
or  <return>  to continue without it.

[1

{d:/programs/texlive/2019/texmf-var/fonts/map/pdftex/updmap/pdftex.map}]
(./1st.tex.aux) ) 
Here is how much of TeX's memory you used:
 210 strings out of 492623
 2276 string characters out of 6129060
 60753 words of memory out of 5000000
 4207 multiletter control sequences out of 15000+600000
 4247 words of font info for 16 fonts, out of 8000000 for 9000
 1141 hyphenation exceptions out of 8191
 23i,4n,18p,131b,119s stack positions out of 5000i,500n,10000p,200000b,80000s
<d:/programs/texlive/2019/texmf-dist/fonts/type1/public/amsfon
ts/cm/cmbx10.pfb><d:/programs/texlive/2019/texmf-dist/fonts/type1/public/amsfon
ts/cm/cmmi5.pfb><d:/programs/texlive/2019/texmf-dist/fonts/type1/public/amsfont
s/cm/cmmi7.pfb><d:/programs/texlive/2019/texmf-dist/fonts/type1/public/amsfonts
/cm/cmr10.pfb><d:/programs/texlive/2019/texmf-dist/fonts/type1/public/amsfonts/
cm/cmr17.pfb><d:/programs/texlive/2019/texmf-dist/fonts/type1/public/amsfonts/c
m/cmr5.pfb><d:/programs/texlive/2019/texmf-dist/fonts/type1/public/amsfonts/cm/
cmsy7.pfb>
Output written on 1st.tex.pdf (1 page, 68468 bytes).
PDF statistics:
 36 PDF objects out of 1000 (max. 8388607)
 25 compressed objects within 1 object stream
 0 named destinations out of 1000 (max. 500000)
 1 words of extra memory for PDF output out of 10000 (max. 10000000)

