This is pdfTeX, Version 3.14159265-2.6-1.40.20 (TeX Live 2019/W32TeX) (preloaded format=pdflatex 2020.3.26)  17 APR 2022 14:03
entering extended mode
 restricted \write18 enabled.
 %&-line parsing enabled.
**chapter2_bishesh.tex
(./chapter2_bishesh.tex
LaTeX2e <2018-12-01>
(d:/programs/texlive/2019/texmf-dist/tex/latex/base/report.cls
Document Class: report 2018/09/03 v1.4i Standard LaTeX document class
(d:/programs/texlive/2019/texmf-dist/tex/latex/base/size12.clo
File: size12.clo 2018/09/03 v1.4i Standard LaTeX file (size option)
)
\c@part=\count80
\c@chapter=\count81
\c@section=\count82
\c@subsection=\count83
\c@subsubsection=\count84
\c@paragraph=\count85
\c@subparagraph=\count86
\c@figure=\count87
\c@table=\count88
\abovecaptionskip=\skip41
\belowcaptionskip=\skip42
\bibindent=\dimen102
)
(d:/programs/texlive/2019/texmf-dist/tex/latex/xcolor/xcolor.sty
Package: xcolor 2016/05/11 v2.12 LaTeX color extensions (UK)

(d:/programs/texlive/2019/texmf-dist/tex/latex/graphics-cfg/color.cfg
File: color.cfg 2016/01/02 v1.6 sample color configuration
)
Package xcolor Info: Driver file: pdftex.def on input line 225.

(d:/programs/texlive/2019/texmf-dist/tex/latex/graphics-def/pdftex.def
File: pdftex.def 2018/01/08 v1.0l Graphics/color driver for pdftex
)
Package xcolor Info: Model `cmy' substituted by `cmy0' on input line 1348.
Package xcolor Info: Model `hsb' substituted by `rgb' on input line 1352.
Package xcolor Info: Model `RGB' extended on input line 1364.
Package xcolor Info: Model `HTML' substituted by `rgb' on input line 1366.
Package xcolor Info: Model `Hsb' substituted by `hsb' on input line 1367.
Package xcolor Info: Model `tHsb' substituted by `hsb' on input line 1368.
Package xcolor Info: Model `HSB' substituted by `hsb' on input line 1369.
Package xcolor Info: Model `Gray' substituted by `gray' on input line 1370.
Package xcolor Info: Model `wave' substituted by `hsb' on input line 1371.
)
(d:/programs/texlive/2019/texmf-dist/tex/latex/graphics/graphicx.sty
Package: graphicx 2017/06/01 v1.1a Enhanced LaTeX Graphics (DPC,SPQR)

(d:/programs/texlive/2019/texmf-dist/tex/latex/graphics/keyval.sty
Package: keyval 2014/10/28 v1.15 key=value parser (DPC)
\KV@toks@=\toks14
)
(d:/programs/texlive/2019/texmf-dist/tex/latex/graphics/graphics.sty
Package: graphics 2017/06/25 v1.2c Standard LaTeX Graphics (DPC,SPQR)

(d:/programs/texlive/2019/texmf-dist/tex/latex/graphics/trig.sty
Package: trig 2016/01/03 v1.10 sin cos tan (DPC)
)
(d:/programs/texlive/2019/texmf-dist/tex/latex/graphics-cfg/graphics.cfg
File: graphics.cfg 2016/06/04 v1.11 sample graphics configuration
)
Package graphics Info: Driver file: pdftex.def on input line 99.
)
\Gin@req@height=\dimen103
\Gin@req@width=\dimen104
)
(./chapter2_bishesh.aux)
\openout1 = `chapter2_bishesh.aux'.

LaTeX Font Info:    Checking defaults for OML/cmm/m/it on input line 6.
LaTeX Font Info:    ... okay on input line 6.
LaTeX Font Info:    Checking defaults for T1/cmr/m/n on input line 6.
LaTeX Font Info:    ... okay on input line 6.
LaTeX Font Info:    Checking defaults for OT1/cmr/m/n on input line 6.
LaTeX Font Info:    ... okay on input line 6.
LaTeX Font Info:    Checking defaults for OMS/cmsy/m/n on input line 6.
LaTeX Font Info:    ... okay on input line 6.
LaTeX Font Info:    Checking defaults for OMX/cmex/m/n on input line 6.
LaTeX Font Info:    ... okay on input line 6.
LaTeX Font Info:    Checking defaults for U/cmr/m/n on input line 6.
LaTeX Font Info:    ... okay on input line 6.

(d:/programs/texlive/2019/texmf-dist/tex/context/base/mkii/supp-pdf.mkii
[Loading MPS to PDF converter (version 2006.09.02).]
\scratchcounter=\count89
\scratchdimen=\dimen105
\scratchbox=\box27
\nofMPsegments=\count90
\nofMParguments=\count91
\everyMPshowfont=\toks15
\MPscratchCnt=\count92
\MPscratchDim=\dimen106
\MPnumerator=\count93
\makeMPintoPDFobject=\count94
\everyMPtoPDFconversion=\toks16
) (d:/programs/texlive/2019/texmf-dist/tex/latex/oberdiek/epstopdf-base.sty
Package: epstopdf-base 2016/05/15 v2.6 Base part for package epstopdf

(d:/programs/texlive/2019/texmf-dist/tex/generic/oberdiek/infwarerr.sty
Package: infwarerr 2016/05/16 v1.4 Providing info/warning/error messages (HO)
)
(d:/programs/texlive/2019/texmf-dist/tex/latex/oberdiek/grfext.sty
Package: grfext 2016/05/16 v1.2 Manage graphics extensions (HO)

(d:/programs/texlive/2019/texmf-dist/tex/generic/oberdiek/kvdefinekeys.sty
Package: kvdefinekeys 2016/05/16 v1.4 Define keys (HO)

(d:/programs/texlive/2019/texmf-dist/tex/generic/oberdiek/ltxcmds.sty
Package: ltxcmds 2016/05/16 v1.23 LaTeX kernel commands for general use (HO)
)))
(d:/programs/texlive/2019/texmf-dist/tex/latex/oberdiek/kvoptions.sty
Package: kvoptions 2016/05/16 v3.12 Key value format for package options (HO)

(d:/programs/texlive/2019/texmf-dist/tex/generic/oberdiek/kvsetkeys.sty
Package: kvsetkeys 2016/05/16 v1.17 Key value parser (HO)

(d:/programs/texlive/2019/texmf-dist/tex/generic/oberdiek/etexcmds.sty
Package: etexcmds 2016/05/16 v1.6 Avoid name clashes with e-TeX commands (HO)

(d:/programs/texlive/2019/texmf-dist/tex/generic/oberdiek/ifluatex.sty
Package: ifluatex 2016/05/16 v1.4 Provides the ifluatex switch (HO)
Package ifluatex Info: LuaTeX not detected.
))))
(d:/programs/texlive/2019/texmf-dist/tex/generic/oberdiek/pdftexcmds.sty
Package: pdftexcmds 2018/09/10 v0.29 Utility functions of pdfTeX for LuaTeX (HO
)

(d:/programs/texlive/2019/texmf-dist/tex/generic/oberdiek/ifpdf.sty
Package: ifpdf 2018/09/07 v3.3 Provides the ifpdf switch
)
Package pdftexcmds Info: LuaTeX not detected.
Package pdftexcmds Info: \pdf@primitive is available.
Package pdftexcmds Info: \pdf@ifprimitive is available.
Package pdftexcmds Info: \pdfdraftmode found.
)
Package epstopdf-base Info: Redefining graphics rule for `.eps' on input line 4
38.
Package grfext Info: Graphics extension search list:
(grfext)             [.pdf,.png,.jpg,.mps,.jpeg,.jbig2,.jb2,.PDF,.PNG,.JPG,.JPE
G,.JBIG2,.JB2,.eps]
(grfext)             \AppendGraphicsExtensions on input line 456.

(d:/programs/texlive/2019/texmf-dist/tex/latex/latexconfig/epstopdf-sys.cfg
File: epstopdf-sys.cfg 2010/07/13 v1.3 Configuration of (r)epstopdf for TeX Liv
e
))
Chapter 1.
<./code_snaps/node.png, id=1, 1498.59875pt x 356.33125pt>
File: ./code_snaps/node.png Graphic file (type png)
<use ./code_snaps/node.png>
Package pdftex.def Info: ./code_snaps/node.png  used on input line 11.
(pdftex.def)             Requested size: 398.33871pt x 113.81084pt.

Overfull \hbox (8.33871pt too wide) in paragraph at lines 11--12
[] 
 []

<./code_snaps/ele.png, id=3, 1435.3625pt x 580.1675pt>
File: ./code_snaps/ele.png Graphic file (type png)
<use ./code_snaps/ele.png>
Package pdftex.def Info: ./code_snaps/ele.png  used on input line 14.
(pdftex.def)             Requested size: 398.32877pt x 170.71414pt.

Overfull \hbox (8.32877pt too wide) in paragraph at lines 14--15
[][] 
 []


Underfull \hbox (badness 10000) in paragraph at lines 17--18

 []


Underfull \hbox (badness 10000) in paragraph at lines 19--20

 []


LaTeX Warning: Float too large for page by 15.38803pt on input line 22.

<./code_snaps/gm.png, id=4, 371.58826pt x 332.442pt>
File: ./code_snaps/gm.png Graphic file (type png)
<use ./code_snaps/gm.png>
Package pdftex.def Info: ./code_snaps/gm.png  used on input line 24.
(pdftex.def)             Requested size: 398.36095pt x 312.98248pt.

Overfull \hbox (8.36095pt too wide) in paragraph at lines 24--25
[][] 
 []


Underfull \hbox (badness 10000) in paragraph at lines 27--28

 []

<./code_snaps/solve.png, id=5, 588.1975pt x 293.095pt>
File: ./code_snaps/solve.png Graphic file (type png)
<use ./code_snaps/solve.png>
Package pdftex.def Info: ./code_snaps/solve.png  used on input line 32.
(pdftex.def)             Requested size: 398.33553pt x 227.62032pt.

Overfull \hbox (8.33553pt too wide) in paragraph at lines 32--33
[][] 
 []

LaTeX Font Info:    External font `cmex10' loaded for size
(Font)              <12> on input line 36.
LaTeX Font Info:    External font `cmex10' loaded for size
(Font)              <8> on input line 36.
LaTeX Font Info:    External font `cmex10' loaded for size
(Font)              <6> on input line 36.
<./code_snaps/ini_vis.png, id=6, 637.38126pt x 327.2225pt>
File: ./code_snaps/ini_vis.png Graphic file (type png)
<use ./code_snaps/ini_vis.png>
Package pdftex.def Info: ./code_snaps/ini_vis.png  used on input line 39.
(pdftex.def)             Requested size: 426.79036pt x 227.62119pt.

Overfull \hbox (36.79036pt too wide) in paragraph at lines 39--40
[][] 
 []

<./code_snaps/fin_vis.png, id=7, 904.37875pt x 342.27875pt>
File: ./code_snaps/fin_vis.png Graphic file (type png)
<use ./code_snaps/fin_vis.png>
Package pdftex.def Info: ./code_snaps/fin_vis.png  used on input line 42.
(pdftex.def)             Requested size: 426.78304pt x 199.17464pt.

Overfull \hbox (36.78304pt too wide) in paragraph at lines 42--43
[][] 
 []


LaTeX Warning: Float too large for page by 74.53462pt on input line 47.

[1


{d:/programs/texlive/2019/texmf-var/fonts/map/pdftex/updmap/pdftex.map}]
[2 <./code_snaps/node.png> <./code_snaps/ele.png>] [3 <./code_snaps/gm.png>]
[4 <./code_snaps/solve.png>] [5 <./code_snaps/ini_vis.png> <./code_snaps/fin_vi
s.png>] (./chapter2_bishesh.aux) ) 
Here is how much of TeX's memory you used:
 1946 strings out of 492623
 27040 string characters out of 6129060
 96700 words of memory out of 5000000
 5855 multiletter control sequences out of 15000+600000
 7588 words of font info for 27 fonts, out of 8000000 for 9000
 1141 hyphenation exceptions out of 8191
 41i,6n,35p,659b,246s stack positions out of 5000i,500n,10000p,200000b,80000s
<d:/programs/texlive/2019/texmf-dist/fonts/ty
pe1/public/amsfonts/cm/cmbx12.pfb><d:/programs/texlive/2019/texmf-dist/fonts/ty
pe1/public/amsfonts/cm/cmmi12.pfb><d:/programs/texlive/2019/texmf-dist/fonts/ty
pe1/public/amsfonts/cm/cmmi8.pfb><d:/programs/texlive/2019/texmf-dist/fonts/typ
e1/public/amsfonts/cm/cmr12.pfb>
Output written on chapter2_bishesh.pdf (5 pages, 127960 bytes).
PDF statistics:
 49 PDF objects out of 1000 (max. 8388607)
 25 compressed objects within 1 object stream
 0 named destinations out of 1000 (max. 500000)
 31 words of extra memory for PDF output out of 10000 (max. 10000000)

